<?xml version="1.0" encoding="UTF-8"?>
<!-- Generated by org.testng.reporters.JUnitXMLReporter -->
<testsuite hostname="M5290478" ignored="2" name="Test" tests="4" failures="0" timestamp="31 Dec 2022 13:55:20 GMT" time="18.902" errors="0">
  <testcase name="endToEndTest" time="7.028" classname="bankAutomation.Para_Bank_Automation.EndToEnd_TestCase"/>
  <testcase name="updateContactDetails" time="7.601" classname="bankAutomation.Para_Bank_Automation.UpdateContactInfo"/>
  <testcase name="updateStateName" time="4.163" classname="bankAutomation.Para_Bank_Automation.UpdateContactInfo"/>
  <testcase name="submitAllInfo" time="0.074" classname="bankAutomation.Para_Bank_Automation.UpdateContactInfo"/>
  <testcase name="@AfterSuite teardown" time="0.0" classname="bankAutomation_TestComponent.BaseTest">
    <ignored/>
  </testcase> <!-- @AfterSuite teardown -->
  <testcase name="@BeforeSuite launchApplication" time="0.0" classname="bankAutomation_TestComponent.BaseTest">
    <ignored/>
  </testcase> <!-- @BeforeSuite launchApplication -->
</testsuite> <!-- Test -->
